{"sessionId": "b5a9c7", "runId": "pre-fix-3", "hypothesisId": "H0", "location": "web_monitor.py:run_messenger", "message": "monitor_started_with_instrumentation", "data": {"cwd": "C:\\Users\\naza\\fyp\\fyp-swarm-engine"}, "timestamp": 1775560642345}
{"sessionId": "b5a9c7", "runId": "pre-fix-1", "hypothesisId": "H5", "location": "web_monitor.py:index", "message": "active_nodes_computed", "data": {"active_nodes": 20, "node_views": 20, "heartbeats_views": 20, "dead_nodes": 0, "contains_node20_in_views": false, "contains_node20_dead": false}, "timestamp": 1775560662816}
{"sessionId": "b5a9c7", "runId": "pre-fix-1", "hypothesisId": "H5", "location": "web_monitor.py:index", "message": "active_nodes_computed", "data": {"active_nodes": 20, "node_views": 20, "heartbeats_views": 20, "dead_nodes": 0, "contains_node20_in_views": false, "contains_node20_dead": false}, "timestamp": 1775560667223}
{"sessionId": "b5a9c7", "runId": "pre-fix-1", "hypothesisId": "H1", "location": "web_monitor.py:build_simulation_payload", "message": "sensor_offline_selected", "data": {"selected_target": "node20", "selection_mode": "node20", "alive_contains_node20": true, "dead_contains_node20": false}, "timestamp": 1775560673716}
{"sessionId": "b5a9c7", "runId": "pre-fix-2", "hypothesisId": "H2B", "location": "web_monitor.py:_force_kill_node_process", "message": "missing_pid_for_target", "data": {"node_id": "node20", "heartbeat_keys": []}, "timestamp": 1775560673718}
{"sessionId": "b5a9c7", "runId": "pre-fix-1", "hypothesisId": "H3", "location": "web_monitor.py:simulate_event", "message": "sensor_offline_dispatch", "data": {"target_node": "node20", "selection_mode": "node20", "selection_reason": "preferred_node20_alive", "forced_kill": false, "before_counts": {"swarm_state": 20, "heartbeats": 20, "dead_nodes": 0}, "after_counts": {"swarm_state": 20, "heartbeats": 20, "dead_nodes": 0}}, "timestamp": 1775560673719}
{"sessionId": "b5a9c7", "runId": "pre-fix-1", "hypothesisId": "H5", "location": "web_monitor.py:index", "message": "active_nodes_computed", "data": {"active_nodes": 20, "node_views": 20, "heartbeats_views": 20, "dead_nodes": 0, "contains_node20_in_views": false, "contains_node20_dead": false}, "timestamp": 1775560674046}
{"sessionId": "b5a9c7", "runId": "pre-fix-3", "hypothesisId": "H0", "location": "web_monitor.py:run_messenger", "message": "monitor_started_with_instrumentation", "data": {"cwd": "C:\\Users\\naza\\fyp\\fyp-swarm-engine"}, "timestamp": 1775560841398}
{"sessionId": "b5a9c7", "runId": "pre-fix-1", "hypothesisId": "H5", "location": "web_monitor.py:index", "message": "active_nodes_computed", "data": {"active_nodes": 7, "node_views": 7, "heartbeats_views": 0, "dead_nodes": 0, "contains_node20_in_views": false, "contains_node20_dead": false}, "timestamp": 1775560841701}
{"sessionId": "b5a9c7", "runId": "pre-fix-1", "hypothesisId": "H5", "location": "web_monitor.py:index", "message": "active_nodes_computed", "data": {"active_nodes": 20, "node_views": 20, "heartbeats_views": 20, "dead_nodes": 0, "contains_node20_in_views": false, "contains_node20_dead": false}, "timestamp": 1775560845630}
{"sessionId": "b5a9c7", "runId": "pre-fix-1", "hypothesisId": "H1", "location": "web_monitor.py:build_simulation_payload", "message": "sensor_offline_selected", "data": {"selected_target": "node20", "selection_mode": "node20", "alive_contains_node20": true, "dead_contains_node20": false}, "timestamp": 1775560849982}
{"sessionId": "b5a9c7", "runId": "pre-fix-2", "hypothesisId": "H2B", "location": "web_monitor.py:_force_kill_node_process", "message": "missing_pid_for_target", "data": {"node_id": "node20", "heartbeat_keys": []}, "timestamp": 1775560849985}
{"sessionId": "b5a9c7", "runId": "pre-fix-1", "hypothesisId": "H3", "location": "web_monitor.py:simulate_event", "message": "sensor_offline_dispatch", "data": {"target_node": "node20", "selection_mode": "node20", "selection_reason": "preferred_node20_alive", "forced_kill": false, "before_counts": {"swarm_state": 20, "heartbeats": 20, "dead_nodes": 0}, "after_counts": {"swarm_state": 20, "heartbeats": 20, "dead_nodes": 0}}, "timestamp": 1775560849986}
{"sessionId": "b5a9c7", "runId": "pre-fix-1", "hypothesisId": "H5", "location": "web_monitor.py:index", "message": "active_nodes_computed", "data": {"active_nodes": 20, "node_views": 20, "heartbeats_views": 20, "dead_nodes": 0, "contains_node20_in_views": false, "contains_node20_dead": false}, "timestamp": 1775560850341}
{"sessionId": "b5a9c7", "runId": "pre-fix-1", "hypothesisId": "H1", "location": "web_monitor.py:build_simulation_payload", "message": "sensor_offline_selected", "data": {"selected_target": "node20", "selection_mode": "node20", "alive_contains_node20": true, "dead_contains_node20": false}, "timestamp": 1775560855904}
{"sessionId": "b5a9c7", "runId": "pre-fix-2", "hypothesisId": "H2B", "location": "web_monitor.py:_force_kill_node_process", "message": "missing_pid_for_target", "data": {"node_id": "node20", "heartbeat_keys": []}, "timestamp": 1775560855907}
{"sessionId": "b5a9c7", "runId": "pre-fix-1", "hypothesisId": "H3", "location": "web_monitor.py:simulate_event", "message": "sensor_offline_dispatch", "data": {"target_node": "node20", "selection_mode": "node20", "selection_reason": "preferred_node20_alive", "forced_kill": false, "before_counts": {"swarm_state": 20, "heartbeats": 20, "dead_nodes": 0}, "after_counts": {"swarm_state": 20, "heartbeats": 20, "dead_nodes": 0}}, "timestamp": 1775560855909}
{"sessionId": "b5a9c7", "runId": "pre-fix-1", "hypothesisId": "H5", "location": "web_monitor.py:index", "message": "active_nodes_computed", "data": {"active_nodes": 20, "node_views": 20, "heartbeats_views": 20, "dead_nodes": 0, "contains_node20_in_views": false, "contains_node20_dead": false}, "timestamp": 1775560856230}
{"sessionId": "b5a9c7", "runId": "pre-fix-3", "hypothesisId": "H0", "location": "web_monitor.py:run_messenger", "message": "monitor_started_with_instrumentation", "data": {"cwd": "C:\\Users\\naza\\fyp\\fyp-swarm-engine"}, "timestamp": 1775560985938}
{"sessionId": "b5a9c7", "runId": "pre-fix-1", "hypothesisId": "H5", "location": "web_monitor.py:index", "message": "active_nodes_computed", "data": {"active_nodes": 20, "node_views": 20, "heartbeats_views": 20, "dead_nodes": 0, "contains_node20_in_views": false, "contains_node20_dead": false}, "timestamp": 1775560998159}
{"sessionId": "b5a9c7", "runId": "pre-fix-1", "hypothesisId": "H5", "location": "web_monitor.py:index", "message": "active_nodes_computed", "data": {"active_nodes": 20, "node_views": 20, "heartbeats_views": 20, "dead_nodes": 0, "contains_node20_in_views": false, "contains_node20_dead": false}, "timestamp": 1775561002064}
{"sessionId": "b5a9c7", "runId": "pre-fix-1", "hypothesisId": "H5", "location": "web_monitor.py:index", "message": "active_nodes_computed", "data": {"active_nodes": 20, "node_views": 20, "heartbeats_views": 20, "dead_nodes": 0, "contains_node20_in_views": false, "contains_node20_dead": false}, "timestamp": 1775561005428}
{"sessionId": "b5a9c7", "runId": "pre-fix-1", "hypothesisId": "H1", "location": "web_monitor.py:build_simulation_payload", "message": "sensor_offline_selected", "data": {"selected_target": "node20", "selection_mode": "node20", "alive_contains_node20": true, "dead_contains_node20": false}, "timestamp": 1775561009197}
{"sessionId": "b5a9c7", "runId": "pre-fix-2", "hypothesisId": "H2B", "location": "web_monitor.py:_force_kill_node_process", "message": "missing_pid_for_target", "data": {"node_id": "node20", "heartbeat_keys": []}, "timestamp": 1775561009199}
{"sessionId": "b5a9c7", "runId": "pre-fix-1", "hypothesisId": "H3", "location": "web_monitor.py:simulate_event", "message": "sensor_offline_dispatch", "data": {"target_node": "node20", "selection_mode": "node20", "selection_reason": "preferred_node20_alive", "forced_kill": false, "before_counts": {"swarm_state": 20, "heartbeats": 20, "dead_nodes": 0}, "after_counts": {"swarm_state": 20, "heartbeats": 20, "dead_nodes": 1}}, "timestamp": 1775561012577}
{"sessionId": "b5a9c7", "runId": "pre-fix-1", "hypothesisId": "H5", "location": "web_monitor.py:index", "message": "active_nodes_computed", "data": {"active_nodes": 20, "node_views": 20, "heartbeats_views": 20, "dead_nodes": 1, "contains_node20_in_views": false, "contains_node20_dead": true}, "timestamp": 1775561012895}
{"sessionId": "b5a9c7", "runId": "pre-fix-1", "hypothesisId": "H5", "location": "web_monitor.py:index", "message": "active_nodes_computed", "data": {"active_nodes": 20, "node_views": 20, "heartbeats_views": 20, "dead_nodes": 1, "contains_node20_in_views": false, "contains_node20_dead": true}, "timestamp": 1775561024105}
{"sessionId": "b5a9c7", "runId": "pre-fix-3", "hypothesisId": "H0", "location": "web_monitor.py:run_messenger", "message": "monitor_started_with_instrumentation", "data": {"cwd": "C:\\Users\\naza\\fyp\\fyp-swarm-engine"}, "timestamp": 1775561142523}
{"sessionId": "b5a9c7", "runId": "pre-fix-2", "hypothesisId": "H2B", "location": "web_monitor.py:message_handler", "message": "heartbeat_node20_pid_snapshot", "data": {"node_id": "node20 ", "pid": 28568, "group_id": "cluster_3"}, "timestamp": 1775561142726}
{"sessionId": "b5a9c7", "runId": "pre-fix-2", "hypothesisId": "H2B", "location": "web_monitor.py:message_handler", "message": "heartbeat_node20_pid_snapshot", "data": {"node_id": "node20 ", "pid": 28568, "group_id": "cluster_3"}, "timestamp": 1775561142954}
{"sessionId": "b5a9c7", "runId": "pre-fix-2", "hypothesisId": "H2B", "location": "web_monitor.py:message_handler", "message": "heartbeat_node20_pid_snapshot", "data": {"node_id": "node20 ", "pid": 28568, "group_id": "cluster_3"}, "timestamp": 1775561143166}
{"sessionId": "b5a9c7", "runId": "pre-fix-2", "hypothesisId": "H2B", "location": "web_monitor.py:message_handler", "message": "heartbeat_node20_pid_snapshot", "data": {"node_id": "node20 ", "pid": 28568, "group_id": "cluster_3"}, "timestamp": 1775561143479}
{"sessionId": "b5a9c7", "runId": "pre-fix-2", "hypothesisId": "H2B", "location": "web_monitor.py:message_handler", "message": "heartbeat_node20_pid_snapshot", "data": {"node_id": "node20 ", "pid": 28568, "group_id": "cluster_3"}, "timestamp": 1775561143699}
{"sessionId": "b5a9c7", "runId": "pre-fix-2", "hypothesisId": "H2B", "location": "web_monitor.py:message_handler", "message": "heartbeat_node20_pid_snapshot", "data": {"node_id": "node20 ", "pid": 28568, "group_id": "cluster_3"}, "timestamp": 1775561143913}
{"sessionId": "b5a9c7", "runId": "pre-fix-2", "hypothesisId": "H2B", "location": "web_monitor.py:message_handler", "message": "heartbeat_node20_pid_snapshot", "data": {"node_id": "node20 ", "pid": 28568, "group_id": "cluster_3"}, "timestamp": 1775561144140}
{"sessionId": "b5a9c7", "runId": "pre-fix-2", "hypothesisId": "H2B", "location": "web_monitor.py:message_handler", "message": "heartbeat_node20_pid_snapshot", "data": {"node_id": "node20 ", "pid": 28568, "group_id": "cluster_3"}, "timestamp": 1775561144348}
{"sessionId": "b5a9c7", "runId": "pre-fix-2", "hypothesisId": "H2B", "location": "web_monitor.py:message_handler", "message": "heartbeat_node20_pid_snapshot", "data": {"node_id": "node20 ", "pid": 28568, "group_id": "cluster_3"}, "timestamp": 1775561144570}
{"sessionId": "b5a9c7", "runId": "pre-fix-2", "hypothesisId": "H2B", "location": "web_monitor.py:message_handler", "message": "heartbeat_node20_pid_snapshot", "data": {"node_id": "node20 ", "pid": 28568, "group_id": "cluster_3"}, "timestamp": 1775561144901}
{"sessionId": "b5a9c7", "runId": "pre-fix-2", "hypothesisId": "H2B", "location": "web_monitor.py:message_handler", "message": "heartbeat_node20_pid_snapshot", "data": {"node_id": "node20 ", "pid": 28568, "group_id": "cluster_3"}, "timestamp": 1775561145115}
{"sessionId": "b5a9c7", "runId": "pre-fix-2", "hypothesisId": "H2B", "location": "web_monitor.py:message_handler", "message": "heartbeat_node20_pid_snapshot", "data": {"node_id": "node20 ", "pid": 28568, "group_id": "cluster_3"}, "timestamp": 1775561145324}
{"sessionId": "b5a9c7", "runId": "pre-fix-2", "hypothesisId": "H2B", "location": "web_monitor.py:message_handler", "message": "heartbeat_node20_pid_snapshot", "data": {"node_id": "node20 ", "pid": 28568, "group_id": "cluster_3"}, "timestamp": 1775561145532}
{"sessionId": "b5a9c7", "runId": "pre-fix-2", "hypothesisId": "H2B", "location": "web_monitor.py:message_handler", "message": "heartbeat_node20_pid_snapshot", "data": {"node_id": "node20 ", "pid": 28568, "group_id": "cluster_3"}, "timestamp": 1775561145742}
{"sessionId": "b5a9c7", "runId": "pre-fix-2", "hypothesisId": "H2B", "location": "web_monitor.py:message_handler", "message": "heartbeat_node20_pid_snapshot", "data": {"node_id": "node20 ", "pid": 28568, "group_id": "cluster_3"}, "timestamp": 1775561145952}
{"sessionId": "b5a9c7", "runId": "pre-fix-2", "hypothesisId": "H2B", "location": "web_monitor.py:message_handler", "message": "heartbeat_node20_pid_snapshot", "data": {"node_id": "node20 ", "pid": 28568, "group_id": "cluster_3"}, "timestamp": 1775561146164}
{"sessionId": "b5a9c7", "runId": "pre-fix-2", "hypothesisId": "H2B", "location": "web_monitor.py:message_handler", "message": "heartbeat_node20_pid_snapshot", "data": {"node_id": "node20 ", "pid": 28568, "group_id": "cluster_3"}, "timestamp": 1775561146371}
{"sessionId": "b5a9c7", "runId": "pre-fix-2", "hypothesisId": "H2B", "location": "web_monitor.py:message_handler", "message": "heartbeat_node20_pid_snapshot", "data": {"node_id": "node20 ", "pid": 28568, "group_id": "cluster_3"}, "timestamp": 1775561146577}
{"sessionId": "b5a9c7", "runId": "pre-fix-2", "hypothesisId": "H2B", "location": "web_monitor.py:message_handler", "message": "heartbeat_node20_pid_snapshot", "data": {"node_id": "node20 ", "pid": 28568, "group_id": "cluster_3"}, "timestamp": 1775561146788}
{"sessionId": "b5a9c7", "runId": "pre-fix-2", "hypothesisId": "H2B", "location": "web_monitor.py:message_handler", "message": "heartbeat_node20_pid_snapshot", "data": {"node_id": "node20 ", "pid": 28568, "group_id": "cluster_3"}, "timestamp": 1775561147133}
{"sessionId": "b5a9c7", "runId": "pre-fix-2", "hypothesisId": "H2B", "location": "web_monitor.py:message_handler", "message": "heartbeat_node20_pid_snapshot", "data": {"node_id": "node20 ", "pid": 28568, "group_id": "cluster_3"}, "timestamp": 1775561147351}
{"sessionId": "b5a9c7", "runId": "pre-fix-2", "hypothesisId": "H2B", "location": "web_monitor.py:message_handler", "message": "heartbeat_node20_pid_snapshot", "data": {"node_id": "node20 ", "pid": 28568, "group_id": "cluster_3"}, "timestamp": 1775561147563}
{"sessionId": "b5a9c7", "runId": "pre-fix-2", "hypothesisId": "H2B", "location": "web_monitor.py:message_handler", "message": "heartbeat_node20_pid_snapshot", "data": {"node_id": "node20 ", "pid": 28568, "group_id": "cluster_3"}, "timestamp": 1775561147771}
{"sessionId": "b5a9c7", "runId": "pre-fix-2", "hypothesisId": "H2B", "location": "web_monitor.py:message_handler", "message": "heartbeat_node20_pid_snapshot", "data": {"node_id": "node20 ", "pid": 28568, "group_id": "cluster_3"}, "timestamp": 1775561147986}
{"sessionId": "b5a9c7", "runId": "pre-fix-2", "hypothesisId": "H2B", "location": "web_monitor.py:message_handler", "message": "heartbeat_node20_pid_snapshot", "data": {"node_id": "node20 ", "pid": 28568, "group_id": "cluster_3"}, "timestamp": 1775561148199}
{"sessionId": "b5a9c7", "runId": "pre-fix-2", "hypothesisId": "H2B", "location": "web_monitor.py:message_handler", "message": "heartbeat_node20_pid_snapshot", "data": {"node_id": "node20 ", "pid": 28568, "group_id": "cluster_3"}, "timestamp": 1775561148416}
{"sessionId": "b5a9c7", "runId": "pre-fix-2", "hypothesisId": "H2B", "location": "web_monitor.py:message_handler", "message": "heartbeat_node20_pid_snapshot", "data": {"node_id": "node20 ", "pid": 28568, "group_id": "cluster_3"}, "timestamp": 1775561148626}
{"sessionId": "b5a9c7", "runId": "pre-fix-2", "hypothesisId": "H2B", "location": "web_monitor.py:message_handler", "message": "heartbeat_node20_pid_snapshot", "data": {"node_id": "node20 ", "pid": 28568, "group_id": "cluster_3"}, "timestamp": 1775561148944}
{"sessionId": "b5a9c7", "runId": "pre-fix-2", "hypothesisId": "H2B", "location": "web_monitor.py:message_handler", "message": "heartbeat_node20_pid_snapshot", "data": {"node_id": "node20 ", "pid": 28568, "group_id": "cluster_3"}, "timestamp": 1775561149153}
{"sessionId": "b5a9c7", "runId": "pre-fix-2", "hypothesisId": "H2B", "location": "web_monitor.py:message_handler", "message": "heartbeat_node20_pid_snapshot", "data": {"node_id": "node20 ", "pid": 28568, "group_id": "cluster_3"}, "timestamp": 1775561149365}
{"sessionId": "b5a9c7", "runId": "pre-fix-2", "hypothesisId": "H2B", "location": "web_monitor.py:message_handler", "message": "heartbeat_node20_pid_snapshot", "data": {"node_id": "node20 ", "pid": 28568, "group_id": "cluster_3"}, "timestamp": 1775561149576}
{"sessionId": "b5a9c7", "runId": "pre-fix-2", "hypothesisId": "H2B", "location": "web_monitor.py:message_handler", "message": "heartbeat_node20_pid_snapshot", "data": {"node_id": "node20 ", "pid": 28568, "group_id": "cluster_3"}, "timestamp": 1775561149784}
{"sessionId": "b5a9c7", "runId": "pre-fix-2", "hypothesisId": "H2B", "location": "web_monitor.py:message_handler", "message": "heartbeat_node20_pid_snapshot", "data": {"node_id": "node20 ", "pid": 28568, "group_id": "cluster_3"}, "timestamp": 1775561150002}
{"sessionId": "b5a9c7", "runId": "pre-fix-2", "hypothesisId": "H2B", "location": "web_monitor.py:message_handler", "message": "heartbeat_node20_pid_snapshot", "data": {"node_id": "node20 ", "pid": 28568, "group_id": "cluster_3"}, "timestamp": 1775561150216}
{"sessionId": "b5a9c7", "runId": "pre-fix-2", "hypothesisId": "H2B", "location": "web_monitor.py:message_handler", "message": "heartbeat_node20_pid_snapshot", "data": {"node_id": "node20 ", "pid": 28568, "group_id": "cluster_3"}, "timestamp": 1775561150442}
{"sessionId": "b5a9c7", "runId": "pre-fix-2", "hypothesisId": "H2B", "location": "web_monitor.py:message_handler", "message": "heartbeat_node20_pid_snapshot", "data": {"node_id": "node20 ", "pid": 28568, "group_id": "cluster_3"}, "timestamp": 1775561150767}
{"sessionId": "b5a9c7", "runId": "pre-fix-2", "hypothesisId": "H2B", "location": "web_monitor.py:message_handler", "message": "heartbeat_node20_pid_snapshot", "data": {"node_id": "node20 ", "pid": 28568, "group_id": "cluster_3"}, "timestamp": 1775561150999}
{"sessionId": "b5a9c7", "runId": "pre-fix-2", "hypothesisId": "H2B", "location": "web_monitor.py:message_handler", "message": "heartbeat_node20_pid_snapshot", "data": {"node_id": "node20 ", "pid": 28568, "group_id": "cluster_3"}, "timestamp": 1775561151211}
{"sessionId": "b5a9c7", "runId": "pre-fix-2", "hypothesisId": "H2B", "location": "web_monitor.py:message_handler", "message": "heartbeat_node20_pid_snapshot", "data": {"node_id": "node20 ", "pid": 28568, "group_id": "cluster_3"}, "timestamp": 1775561151424}
{"sessionId": "b5a9c7", "runId": "pre-fix-2", "hypothesisId": "H2B", "location": "web_monitor.py:message_handler", "message": "heartbeat_node20_pid_snapshot", "data": {"node_id": "node20 ", "pid": 28568, "group_id": "cluster_3"}, "timestamp": 1775561151640}
{"sessionId": "b5a9c7", "runId": "pre-fix-2", "hypothesisId": "H2B", "location": "web_monitor.py:message_handler", "message": "heartbeat_node20_pid_snapshot", "data": {"node_id": "node20 ", "pid": 28568, "group_id": "cluster_3"}, "timestamp": 1775561151851}
{"sessionId": "b5a9c7", "runId": "pre-fix-2", "hypothesisId": "H2B", "location": "web_monitor.py:message_handler", "message": "heartbeat_node20_pid_snapshot", "data": {"node_id": "node20 ", "pid": 28568, "group_id": "cluster_3"}, "timestamp": 1775561152057}
{"sessionId": "b5a9c7", "runId": "pre-fix-2", "hypothesisId": "H2B", "location": "web_monitor.py:message_handler", "message": "heartbeat_node20_pid_snapshot", "data": {"node_id": "node20 ", "pid": 28568, "group_id": "cluster_3"}, "timestamp": 1775561152269}
{"sessionId": "b5a9c7", "runId": "pre-fix-2", "hypothesisId": "H2B", "location": "web_monitor.py:message_handler", "message": "heartbeat_node20_pid_snapshot", "data": {"node_id": "node20 ", "pid": 28568, "group_id": "cluster_3"}, "timestamp": 1775561152486}
{"sessionId": "b5a9c7", "runId": "pre-fix-2", "hypothesisId": "H2B", "location": "web_monitor.py:message_handler", "message": "heartbeat_node20_pid_snapshot", "data": {"node_id": "node20 ", "pid": 28568, "group_id": "cluster_3"}, "timestamp": 1775561152705}
{"sessionId": "b5a9c7", "runId": "pre-fix-2", "hypothesisId": "H2B", "location": "web_monitor.py:message_handler", "message": "heartbeat_node20_pid_snapshot", "data": {"node_id": "node20 ", "pid": 28568, "group_id": "cluster_3"}, "timestamp": 1775561152919}
{"sessionId": "b5a9c7", "runId": "pre-fix-2", "hypothesisId": "H2B", "location": "web_monitor.py:message_handler", "message": "heartbeat_node20_pid_snapshot", "data": {"node_id": "node20 ", "pid": 28568, "group_id": "cluster_3"}, "timestamp": 1775561153130}
{"sessionId": "b5a9c7", "runId": "pre-fix-2", "hypothesisId": "H2B", "location": "web_monitor.py:message_handler", "message": "heartbeat_node20_pid_snapshot", "data": {"node_id": "node20 ", "pid": 28568, "group_id": "cluster_3"}, "timestamp": 1775561153339}
{"sessionId": "b5a9c7", "runId": "pre-fix-2", "hypothesisId": "H2B", "location": "web_monitor.py:message_handler", "message": "heartbeat_node20_pid_snapshot", "data": {"node_id": "node20 ", "pid": 28568, "group_id": "cluster_3"}, "timestamp": 1775561153553}
{"sessionId": "b5a9c7", "runId": "pre-fix-2", "hypothesisId": "H2B", "location": "web_monitor.py:message_handler", "message": "heartbeat_node20_pid_snapshot", "data": {"node_id": "node20 ", "pid": 28568, "group_id": "cluster_3"}, "timestamp": 1775561153765}
{"sessionId": "b5a9c7", "runId": "pre-fix-2", "hypothesisId": "H2B", "location": "web_monitor.py:message_handler", "message": "heartbeat_node20_pid_snapshot", "data": {"node_id": "node20 ", "pid": 28568, "group_id": "cluster_3"}, "timestamp": 1775561153975}
{"sessionId": "b5a9c7", "runId": "pre-fix-2", "hypothesisId": "H2B", "location": "web_monitor.py:message_handler", "message": "heartbeat_node20_pid_snapshot", "data": {"node_id": "node20 ", "pid": 28568, "group_id": "cluster_3"}, "timestamp": 1775561154192}
{"sessionId": "b5a9c7", "runId": "pre-fix-2", "hypothesisId": "H2B", "location": "web_monitor.py:message_handler", "message": "heartbeat_node20_pid_snapshot", "data": {"node_id": "node20 ", "pid": 28568, "group_id": "cluster_3"}, "timestamp": 1775561154402}
{"sessionId": "b5a9c7", "runId": "pre-fix-2", "hypothesisId": "H2B", "location": "web_monitor.py:message_handler", "message": "heartbeat_node20_pid_snapshot", "data": {"node_id": "node20 ", "pid": 28568, "group_id": "cluster_3"}, "timestamp": 1775561154646}
{"sessionId": "b5a9c7", "runId": "pre-fix-2", "hypothesisId": "H2B", "location": "web_monitor.py:message_handler", "message": "heartbeat_node20_pid_snapshot", "data": {"node_id": "node20 ", "pid": 28568, "group_id": "cluster_3"}, "timestamp": 1775561154867}
{"sessionId": "b5a9c7", "runId": "pre-fix-2", "hypothesisId": "H2B", "location": "web_monitor.py:message_handler", "message": "heartbeat_node20_pid_snapshot", "data": {"node_id": "node20 ", "pid": 28568, "group_id": "cluster_3"}, "timestamp": 1775561155076}
{"sessionId": "b5a9c7", "runId": "pre-fix-2", "hypothesisId": "H2B", "location": "web_monitor.py:message_handler", "message": "heartbeat_node20_pid_snapshot", "data": {"node_id": "node20 ", "pid": 28568, "group_id": "cluster_3"}, "timestamp": 1775561155393}
{"sessionId": "b5a9c7", "runId": "pre-fix-2", "hypothesisId": "H2B", "location": "web_monitor.py:message_handler", "message": "heartbeat_node20_pid_snapshot", "data": {"node_id": "node20 ", "pid": 28568, "group_id": "cluster_3"}, "timestamp": 1775561155610}
{"sessionId": "b5a9c7", "runId": "pre-fix-2", "hypothesisId": "H2B", "location": "web_monitor.py:message_handler", "message": "heartbeat_node20_pid_snapshot", "data": {"node_id": "node20 ", "pid": 28568, "group_id": "cluster_3"}, "timestamp": 1775561155829}
{"sessionId": "b5a9c7", "runId": "pre-fix-2", "hypothesisId": "H2B", "location": "web_monitor.py:message_handler", "message": "heartbeat_node20_pid_snapshot", "data": {"node_id": "node20 ", "pid": 28568, "group_id": "cluster_3"}, "timestamp": 1775561156042}
{"sessionId": "b5a9c7", "runId": "pre-fix-2", "hypothesisId": "H2B", "location": "web_monitor.py:message_handler", "message": "heartbeat_node20_pid_snapshot", "data": {"node_id": "node20 ", "pid": 28568, "group_id": "cluster_3"}, "timestamp": 1775561156253}
{"sessionId": "b5a9c7", "runId": "pre-fix-2", "hypothesisId": "H2B", "location": "web_monitor.py:message_handler", "message": "heartbeat_node20_pid_snapshot", "data": {"node_id": "node20 ", "pid": 28568, "group_id": "cluster_3"}, "timestamp": 1775561156466}
{"sessionId": "b5a9c7", "runId": "pre-fix-2", "hypothesisId": "H2B", "location": "web_monitor.py:message_handler", "message": "heartbeat_node20_pid_snapshot", "data": {"node_id": "node20 ", "pid": 28568, "group_id": "cluster_3"}, "timestamp": 1775561156679}
{"sessionId": "b5a9c7", "runId": "pre-fix-2", "hypothesisId": "H2B", "location": "web_monitor.py:message_handler", "message": "heartbeat_node20_pid_snapshot", "data": {"node_id": "node20 ", "pid": 28568, "group_id": "cluster_3"}, "timestamp": 1775561156894}
{"sessionId": "b5a9c7", "runId": "pre-fix-2", "hypothesisId": "H2B", "location": "web_monitor.py:message_handler", "message": "heartbeat_node20_pid_snapshot", "data": {"node_id": "node20 ", "pid": 28568, "group_id": "cluster_3"}, "timestamp": 1775561157115}
{"sessionId": "b5a9c7", "runId": "pre-fix-2", "hypothesisId": "H2B", "location": "web_monitor.py:message_handler", "message": "heartbeat_node20_pid_snapshot", "data": {"node_id": "node20 ", "pid": 28568, "group_id": "cluster_3"}, "timestamp": 1775561157324}
{"sessionId": "b5a9c7", "runId": "pre-fix-2", "hypothesisId": "H2B", "location": "web_monitor.py:message_handler", "message": "heartbeat_node20_pid_snapshot", "data": {"node_id": "node20 ", "pid": 28568, "group_id": "cluster_3"}, "timestamp": 1775561157545}
{"sessionId": "b5a9c7", "runId": "pre-fix-2", "hypothesisId": "H2B", "location": "web_monitor.py:message_handler", "message": "heartbeat_node20_pid_snapshot", "data": {"node_id": "node20 ", "pid": 28568, "group_id": "cluster_3"}, "timestamp": 1775561157757}
{"sessionId": "b5a9c7", "runId": "pre-fix-2", "hypothesisId": "H2B", "location": "web_monitor.py:message_handler", "message": "heartbeat_node20_pid_snapshot", "data": {"node_id": "node20 ", "pid": 28568, "group_id": "cluster_3"}, "timestamp": 1775561157987}
{"sessionId": "b5a9c7", "runId": "pre-fix-2", "hypothesisId": "H2B", "location": "web_monitor.py:message_handler", "message": "heartbeat_node20_pid_snapshot", "data": {"node_id": "node20 ", "pid": 28568, "group_id": "cluster_3"}, "timestamp": 1775561158202}
{"sessionId": "b5a9c7", "runId": "pre-fix-2", "hypothesisId": "H2B", "location": "web_monitor.py:message_handler", "message": "heartbeat_node20_pid_snapshot", "data": {"node_id": "node20 ", "pid": 28568, "group_id": "cluster_3"}, "timestamp": 1775561158415}
{"sessionId": "b5a9c7", "runId": "pre-fix-2", "hypothesisId": "H2B", "location": "web_monitor.py:message_handler", "message": "heartbeat_node20_pid_snapshot", "data": {"node_id": "node20 ", "pid": 28568, "group_id": "cluster_3"}, "timestamp": 1775561158628}
{"sessionId": "b5a9c7", "runId": "pre-fix-2", "hypothesisId": "H2B", "location": "web_monitor.py:message_handler", "message": "heartbeat_node20_pid_snapshot", "data": {"node_id": "node20 ", "pid": 28568, "group_id": "cluster_3"}, "timestamp": 1775561158842}
{"sessionId": "b5a9c7", "runId": "pre-fix-2", "hypothesisId": "H2B", "location": "web_monitor.py:message_handler", "message": "heartbeat_node20_pid_snapshot", "data": {"node_id": "node20 ", "pid": 28568, "group_id": "cluster_3"}, "timestamp": 1775561159055}
{"sessionId": "b5a9c7", "runId": "pre-fix-2", "hypothesisId": "H2B", "location": "web_monitor.py:message_handler", "message": "heartbeat_node20_pid_snapshot", "data": {"node_id": "node20 ", "pid": 28568, "group_id": "cluster_3"}, "timestamp": 1775561159264}
{"sessionId": "b5a9c7", "runId": "pre-fix-2", "hypothesisId": "H2B", "location": "web_monitor.py:message_handler", "message": "heartbeat_node20_pid_snapshot", "data": {"node_id": "node20 ", "pid": 28568, "group_id": "cluster_3"}, "timestamp": 1775561159476}
{"sessionId": "b5a9c7", "runId": "pre-fix-2", "hypothesisId": "H2B", "location": "web_monitor.py:message_handler", "message": "heartbeat_node20_pid_snapshot", "data": {"node_id": "node20 ", "pid": 28568, "group_id": "cluster_3"}, "timestamp": 1775561159691}
{"sessionId": "b5a9c7", "runId": "pre-fix-2", "hypothesisId": "H2B", "location": "web_monitor.py:message_handler", "message": "heartbeat_node20_pid_snapshot", "data": {"node_id": "node20 ", "pid": 28568, "group_id": "cluster_3"}, "timestamp": 1775561159919}
{"sessionId": "b5a9c7", "runId": "pre-fix-2", "hypothesisId": "H2B", "location": "web_monitor.py:message_handler", "message": "heartbeat_node20_pid_snapshot", "data": {"node_id": "node20 ", "pid": 28568, "group_id": "cluster_3"}, "timestamp": 1775561160137}
{"sessionId": "b5a9c7", "runId": "pre-fix-2", "hypothesisId": "H2B", "location": "web_monitor.py:message_handler", "message": "heartbeat_node20_pid_snapshot", "data": {"node_id": "node20 ", "pid": 28568, "group_id": "cluster_3"}, "timestamp": 1775561160344}
{"sessionId": "b5a9c7", "runId": "pre-fix-2", "hypothesisId": "H2B", "location": "web_monitor.py:message_handler", "message": "heartbeat_node20_pid_snapshot", "data": {"node_id": "node20 ", "pid": 28568, "group_id": "cluster_3"}, "timestamp": 1775561160552}
{"sessionId": "b5a9c7", "runId": "pre-fix-2", "hypothesisId": "H2B", "location": "web_monitor.py:message_handler", "message": "heartbeat_node20_pid_snapshot", "data": {"node_id": "node20 ", "pid": 28568, "group_id": "cluster_3"}, "timestamp": 1775561160769}
{"sessionId": "b5a9c7", "runId": "pre-fix-2", "hypothesisId": "H2B", "location": "web_monitor.py:message_handler", "message": "heartbeat_node20_pid_snapshot", "data": {"node_id": "node20 ", "pid": 28568, "group_id": "cluster_3"}, "timestamp": 1775561160985}
{"sessionId": "b5a9c7", "runId": "pre-fix-2", "hypothesisId": "H2B", "location": "web_monitor.py:message_handler", "message": "heartbeat_node20_pid_snapshot", "data": {"node_id": "node20 ", "pid": 28568, "group_id": "cluster_3"}, "timestamp": 1775561161204}
{"sessionId": "b5a9c7", "runId": "pre-fix-2", "hypothesisId": "H2B", "location": "web_monitor.py:message_handler", "message": "heartbeat_node20_pid_snapshot", "data": {"node_id": "node20 ", "pid": 28568, "group_id": "cluster_3"}, "timestamp": 1775561161414}
{"sessionId": "b5a9c7", "runId": "pre-fix-2", "hypothesisId": "H2B", "location": "web_monitor.py:message_handler", "message": "heartbeat_node20_pid_snapshot", "data": {"node_id": "node20 ", "pid": 28568, "group_id": "cluster_3"}, "timestamp": 1775561161620}
{"sessionId": "b5a9c7", "runId": "pre-fix-2", "hypothesisId": "H2B", "location": "web_monitor.py:message_handler", "message": "heartbeat_node20_pid_snapshot", "data": {"node_id": "node20 ", "pid": 28568, "group_id": "cluster_3"}, "timestamp": 1775561161950}
{"sessionId": "b5a9c7", "runId": "pre-fix-2", "hypothesisId": "H2B", "location": "web_monitor.py:message_handler", "message": "heartbeat_node20_pid_snapshot", "data": {"node_id": "node20 ", "pid": 28568, "group_id": "cluster_3"}, "timestamp": 1775561162164}
{"sessionId": "b5a9c7", "runId": "pre-fix-2", "hypothesisId": "H2B", "location": "web_monitor.py:message_handler", "message": "heartbeat_node20_pid_snapshot", "data": {"node_id": "node20 ", "pid": 28568, "group_id": "cluster_3"}, "timestamp": 1775561162373}
{"sessionId": "b5a9c7", "runId": "pre-fix-2", "hypothesisId": "H2B", "location": "web_monitor.py:message_handler", "message": "heartbeat_node20_pid_snapshot", "data": {"node_id": "node20 ", "pid": 28568, "group_id": "cluster_3"}, "timestamp": 1775561162580}
{"sessionId": "b5a9c7", "runId": "pre-fix-2", "hypothesisId": "H2B", "location": "web_monitor.py:message_handler", "message": "heartbeat_node20_pid_snapshot", "data": {"node_id": "node20 ", "pid": 28568, "group_id": "cluster_3"}, "timestamp": 1775561162793}
{"sessionId": "b5a9c7", "runId": "pre-fix-2", "hypothesisId": "H2B", "location": "web_monitor.py:message_handler", "message": "heartbeat_node20_pid_snapshot", "data": {"node_id": "node20 ", "pid": 28568, "group_id": "cluster_3"}, "timestamp": 1775561163010}
{"sessionId": "b5a9c7", "runId": "pre-fix-2", "hypothesisId": "H2B", "location": "web_monitor.py:message_handler", "message": "heartbeat_node20_pid_snapshot", "data": {"node_id": "node20 ", "pid": 28568, "group_id": "cluster_3"}, "timestamp": 1775561163327}
{"sessionId": "b5a9c7", "runId": "pre-fix-2", "hypothesisId": "H2B", "location": "web_monitor.py:message_handler", "message": "heartbeat_node20_pid_snapshot", "data": {"node_id": "node20 ", "pid": 28568, "group_id": "cluster_3"}, "timestamp": 1775561163539}
{"sessionId": "b5a9c7", "runId": "pre-fix-2", "hypothesisId": "H2B", "location": "web_monitor.py:message_handler", "message": "heartbeat_node20_pid_snapshot", "data": {"node_id": "node20 ", "pid": 28568, "group_id": "cluster_3"}, "timestamp": 1775561163753}
{"sessionId": "b5a9c7", "runId": "pre-fix-2", "hypothesisId": "H2B", "location": "web_monitor.py:message_handler", "message": "heartbeat_node20_pid_snapshot", "data": {"node_id": "node20 ", "pid": 28568, "group_id": "cluster_3"}, "timestamp": 1775561163966}
{"sessionId": "b5a9c7", "runId": "pre-fix-2", "hypothesisId": "H2B", "location": "web_monitor.py:message_handler", "message": "heartbeat_node20_pid_snapshot", "data": {"node_id": "node20 ", "pid": 28568, "group_id": "cluster_3"}, "timestamp": 1775561164186}
{"sessionId": "b5a9c7", "runId": "pre-fix-2", "hypothesisId": "H2B", "location": "web_monitor.py:message_handler", "message": "heartbeat_node20_pid_snapshot", "data": {"node_id": "node20 ", "pid": 28568, "group_id": "cluster_3"}, "timestamp": 1775561164399}
{"sessionId": "b5a9c7", "runId": "pre-fix-2", "hypothesisId": "H2B", "location": "web_monitor.py:message_handler", "message": "heartbeat_node20_pid_snapshot", "data": {"node_id": "node20 ", "pid": 28568, "group_id": "cluster_3"}, "timestamp": 1775561164608}
{"sessionId": "b5a9c7", "runId": "pre-fix-2", "hypothesisId": "H2B", "location": "web_monitor.py:message_handler", "message": "heartbeat_node20_pid_snapshot", "data": {"node_id": "node20 ", "pid": 28568, "group_id": "cluster_3"}, "timestamp": 1775561164822}
{"sessionId": "b5a9c7", "runId": "pre-fix-2", "hypothesisId": "H2B", "location": "web_monitor.py:message_handler", "message": "heartbeat_node20_pid_snapshot", "data": {"node_id": "node20 ", "pid": 28568, "group_id": "cluster_3"}, "timestamp": 1775561165033}
{"sessionId": "b5a9c7", "runId": "pre-fix-2", "hypothesisId": "H2B", "location": "web_monitor.py:message_handler", "message": "heartbeat_node20_pid_snapshot", "data": {"node_id": "node20 ", "pid": 28568, "group_id": "cluster_3"}, "timestamp": 1775561165249}
{"sessionId": "b5a9c7", "runId": "pre-fix-2", "hypothesisId": "H2B", "location": "web_monitor.py:message_handler", "message": "heartbeat_node20_pid_snapshot", "data": {"node_id": "node20 ", "pid": 28568, "group_id": "cluster_3"}, "timestamp": 1775561165565}
{"sessionId": "b5a9c7", "runId": "pre-fix-2", "hypothesisId": "H2B", "location": "web_monitor.py:message_handler", "message": "heartbeat_node20_pid_snapshot", "data": {"node_id": "node20 ", "pid": 28568, "group_id": "cluster_3"}, "timestamp": 1775561165781}
{"sessionId": "b5a9c7", "runId": "pre-fix-2", "hypothesisId": "H2B", "location": "web_monitor.py:message_handler", "message": "heartbeat_node20_pid_snapshot", "data": {"node_id": "node20 ", "pid": 28568, "group_id": "cluster_3"}, "timestamp": 1775561166000}
{"sessionId": "b5a9c7", "runId": "pre-fix-2", "hypothesisId": "H2B", "location": "web_monitor.py:message_handler", "message": "heartbeat_node20_pid_snapshot", "data": {"node_id": "node20 ", "pid": 28568, "group_id": "cluster_3"}, "timestamp": 1775561166219}
{"sessionId": "b5a9c7", "runId": "pre-fix-2", "hypothesisId": "H2B", "location": "web_monitor.py:message_handler", "message": "heartbeat_node20_pid_snapshot", "data": {"node_id": "node20 ", "pid": 28568, "group_id": "cluster_3"}, "timestamp": 1775561166451}
{"sessionId": "b5a9c7", "runId": "pre-fix-2", "hypothesisId": "H2B", "location": "web_monitor.py:message_handler", "message": "heartbeat_node20_pid_snapshot", "data": {"node_id": "node20 ", "pid": 28568, "group_id": "cluster_3"}, "timestamp": 1775561166769}
{"sessionId": "b5a9c7", "runId": "pre-fix-2", "hypothesisId": "H2B", "location": "web_monitor.py:message_handler", "message": "heartbeat_node20_pid_snapshot", "data": {"node_id": "node20 ", "pid": 28568, "group_id": "cluster_3"}, "timestamp": 1775561166979}
{"sessionId": "b5a9c7", "runId": "pre-fix-2", "hypothesisId": "H2B", "location": "web_monitor.py:message_handler", "message": "heartbeat_node20_pid_snapshot", "data": {"node_id": "node20 ", "pid": 28568, "group_id": "cluster_3"}, "timestamp": 1775561167191}
{"sessionId": "b5a9c7", "runId": "pre-fix-2", "hypothesisId": "H2B", "location": "web_monitor.py:message_handler", "message": "heartbeat_node20_pid_snapshot", "data": {"node_id": "node20 ", "pid": 28568, "group_id": "cluster_3"}, "timestamp": 1775561167414}
{"sessionId": "b5a9c7", "runId": "pre-fix-2", "hypothesisId": "H2B", "location": "web_monitor.py:message_handler", "message": "heartbeat_node20_pid_snapshot", "data": {"node_id": "node20 ", "pid": 28568, "group_id": "cluster_3"}, "timestamp": 1775561167635}
{"sessionId": "b5a9c7", "runId": "pre-fix-2", "hypothesisId": "H2B", "location": "web_monitor.py:message_handler", "message": "heartbeat_node20_pid_snapshot", "data": {"node_id": "node20 ", "pid": 28568, "group_id": "cluster_3"}, "timestamp": 1775561167859}
{"sessionId": "b5a9c7", "runId": "pre-fix-2", "hypothesisId": "H2B", "location": "web_monitor.py:message_handler", "message": "heartbeat_node20_pid_snapshot", "data": {"node_id": "node20 ", "pid": 28568, "group_id": "cluster_3"}, "timestamp": 1775561168098}
{"sessionId": "b5a9c7", "runId": "pre-fix-2", "hypothesisId": "H2B", "location": "web_monitor.py:message_handler", "message": "heartbeat_node20_pid_snapshot", "data": {"node_id": "node20 ", "pid": 28568, "group_id": "cluster_3"}, "timestamp": 1775561168337}
{"sessionId": "b5a9c7", "runId": "pre-fix-2", "hypothesisId": "H2B", "location": "web_monitor.py:message_handler", "message": "heartbeat_node20_pid_snapshot", "data": {"node_id": "node20 ", "pid": 28568, "group_id": "cluster_3"}, "timestamp": 1775561168691}
{"sessionId": "b5a9c7", "runId": "pre-fix-2", "hypothesisId": "H2B", "location": "web_monitor.py:message_handler", "message": "heartbeat_node20_pid_snapshot", "data": {"node_id": "node20 ", "pid": 28568, "group_id": "cluster_3"}, "timestamp": 1775561169016}
{"sessionId": "b5a9c7", "runId": "pre-fix-2", "hypothesisId": "H2B", "location": "web_monitor.py:message_handler", "message": "heartbeat_node20_pid_snapshot", "data": {"node_id": "node20 ", "pid": 28568, "group_id": "cluster_3"}, "timestamp": 1775561169232}
{"sessionId": "b5a9c7", "runId": "pre-fix-2", "hypothesisId": "H2B", "location": "web_monitor.py:message_handler", "message": "heartbeat_node20_pid_snapshot", "data": {"node_id": "node20 ", "pid": 28568, "group_id": "cluster_3"}, "timestamp": 1775561169457}
{"sessionId": "b5a9c7", "runId": "pre-fix-2", "hypothesisId": "H2B", "location": "web_monitor.py:message_handler", "message": "heartbeat_node20_pid_snapshot", "data": {"node_id": "node20 ", "pid": 28568, "group_id": "cluster_3"}, "timestamp": 1775561169687}
{"sessionId": "b5a9c7", "runId": "pre-fix-2", "hypothesisId": "H2B", "location": "web_monitor.py:message_handler", "message": "heartbeat_node20_pid_snapshot", "data": {"node_id": "node20 ", "pid": 28568, "group_id": "cluster_3"}, "timestamp": 1775561170002}
{"sessionId": "b5a9c7", "runId": "pre-fix-2", "hypothesisId": "H2B", "location": "web_monitor.py:message_handler", "message": "heartbeat_node20_pid_snapshot", "data": {"node_id": "node20 ", "pid": 28568, "group_id": "cluster_3"}, "timestamp": 1775561170223}
{"sessionId": "b5a9c7", "runId": "pre-fix-2", "hypothesisId": "H2B", "location": "web_monitor.py:message_handler", "message": "heartbeat_node20_pid_snapshot", "data": {"node_id": "node20 ", "pid": 28568, "group_id": "cluster_3"}, "timestamp": 1775561170435}
{"sessionId": "b5a9c7", "runId": "pre-fix-2", "hypothesisId": "H2B", "location": "web_monitor.py:message_handler", "message": "heartbeat_node20_pid_snapshot", "data": {"node_id": "node20 ", "pid": 28568, "group_id": "cluster_3"}, "timestamp": 1775561170644}
{"sessionId": "b5a9c7", "runId": "pre-fix-2", "hypothesisId": "H2B", "location": "web_monitor.py:message_handler", "message": "heartbeat_node20_pid_snapshot", "data": {"node_id": "node20 ", "pid": 28568, "group_id": "cluster_3"}, "timestamp": 1775561170860}
{"sessionId": "b5a9c7", "runId": "pre-fix-2", "hypothesisId": "H2B", "location": "web_monitor.py:message_handler", "message": "heartbeat_node20_pid_snapshot", "data": {"node_id": "node20 ", "pid": 28568, "group_id": "cluster_3"}, "timestamp": 1775561171185}
{"sessionId": "b5a9c7", "runId": "pre-fix-2", "hypothesisId": "H2B", "location": "web_monitor.py:message_handler", "message": "heartbeat_node20_pid_snapshot", "data": {"node_id": "node20 ", "pid": 28568, "group_id": "cluster_3"}, "timestamp": 1775561171399}
{"sessionId": "b5a9c7", "runId": "pre-fix-2", "hypothesisId": "H2B", "location": "web_monitor.py:message_handler", "message": "heartbeat_node20_pid_snapshot", "data": {"node_id": "node20 ", "pid": 28568, "group_id": "cluster_3"}, "timestamp": 1775561171609}
{"sessionId": "b5a9c7", "runId": "pre-fix-2", "hypothesisId": "H2B", "location": "web_monitor.py:message_handler", "message": "heartbeat_node20_pid_snapshot", "data": {"node_id": "node20 ", "pid": 28568, "group_id": "cluster_3"}, "timestamp": 1775561171821}
{"sessionId": "b5a9c7", "runId": "pre-fix-2", "hypothesisId": "H2B", "location": "web_monitor.py:message_handler", "message": "heartbeat_node20_pid_snapshot", "data": {"node_id": "node20 ", "pid": 28568, "group_id": "cluster_3"}, "timestamp": 1775561172035}
{"sessionId": "b5a9c7", "runId": "pre-fix-1", "hypothesisId": "H5", "location": "web_monitor.py:index", "message": "active_nodes_computed", "data": {"active_nodes": 20, "node_views": 20, "heartbeats_views": 20, "dead_nodes": 0, "contains_node20_in_views": true, "contains_node20_dead": false}, "timestamp": 1775561172210}
{"sessionId": "b5a9c7", "runId": "pre-fix-2", "hypothesisId": "H2B", "location": "web_monitor.py:message_handler", "message": "heartbeat_node20_pid_snapshot", "data": {"node_id": "node20 ", "pid": 28568, "group_id": "cluster_3"}, "timestamp": 1775561172274}
{"sessionId": "b5a9c7", "runId": "pre-fix-2", "hypothesisId": "H2B", "location": "web_monitor.py:message_handler", "message": "heartbeat_node20_pid_snapshot", "data": {"node_id": "node20 ", "pid": 28568, "group_id": "cluster_3"}, "timestamp": 1775561172607}
{"sessionId": "b5a9c7", "runId": "pre-fix-2", "hypothesisId": "H2B", "location": "web_monitor.py:message_handler", "message": "heartbeat_node20_pid_snapshot", "data": {"node_id": "node20 ", "pid": 28568, "group_id": "cluster_3"}, "timestamp": 1775561172823}
{"sessionId": "b5a9c7", "runId": "pre-fix-2", "hypothesisId": "H2B", "location": "web_monitor.py:message_handler", "message": "heartbeat_node20_pid_snapshot", "data": {"node_id": "node20 ", "pid": 28568, "group_id": "cluster_3"}, "timestamp": 1775561173144}
{"sessionId": "b5a9c7", "runId": "pre-fix-2", "hypothesisId": "H2B", "location": "web_monitor.py:message_handler", "message": "heartbeat_node20_pid_snapshot", "data": {"node_id": "node20 ", "pid": 28568, "group_id": "cluster_3"}, "timestamp": 1775561173464}
{"sessionId": "b5a9c7", "runId": "pre-fix-2", "hypothesisId": "H2B", "location": "web_monitor.py:message_handler", "message": "heartbeat_node20_pid_snapshot", "data": {"node_id": "node20 ", "pid": 28568, "group_id": "cluster_3"}, "timestamp": 1775561173783}
{"sessionId": "b5a9c7", "runId": "pre-fix-2", "hypothesisId": "H2B", "location": "web_monitor.py:message_handler", "message": "heartbeat_node20_pid_snapshot", "data": {"node_id": "node20 ", "pid": 28568, "group_id": "cluster_3"}, "timestamp": 1775561174001}
{"sessionId": "b5a9c7", "runId": "pre-fix-2", "hypothesisId": "H2B", "location": "web_monitor.py:message_handler", "message": "heartbeat_node20_pid_snapshot", "data": {"node_id": "node20 ", "pid": 28568, "group_id": "cluster_3"}, "timestamp": 1775561174214}
{"sessionId": "b5a9c7", "runId": "pre-fix-2", "hypothesisId": "H2B", "location": "web_monitor.py:message_handler", "message": "heartbeat_node20_pid_snapshot", "data": {"node_id": "node20 ", "pid": 28568, "group_id": "cluster_3"}, "timestamp": 1775561174429}
{"sessionId": "b5a9c7", "runId": "pre-fix-2", "hypothesisId": "H2B", "location": "web_monitor.py:message_handler", "message": "heartbeat_node20_pid_snapshot", "data": {"node_id": "node20 ", "pid": 28568, "group_id": "cluster_3"}, "timestamp": 1775561174672}
{"sessionId": "b5a9c7", "runId": "pre-fix-2", "hypothesisId": "H2B", "location": "web_monitor.py:message_handler", "message": "heartbeat_node20_pid_snapshot", "data": {"node_id": "node20 ", "pid": 28568, "group_id": "cluster_3"}, "timestamp": 1775561174996}
{"sessionId": "b5a9c7", "runId": "pre-fix-2", "hypothesisId": "H2B", "location": "web_monitor.py:message_handler", "message": "heartbeat_node20_pid_snapshot", "data": {"node_id": "node20 ", "pid": 28568, "group_id": "cluster_3"}, "timestamp": 1775561175205}
{"sessionId": "b5a9c7", "runId": "pre-fix-2", "hypothesisId": "H2B", "location": "web_monitor.py:message_handler", "message": "heartbeat_node20_pid_snapshot", "data": {"node_id": "node20 ", "pid": 28568, "group_id": "cluster_3"}, "timestamp": 1775561175415}
{"sessionId": "b5a9c7", "runId": "pre-fix-2", "hypothesisId": "H2B", "location": "web_monitor.py:message_handler", "message": "heartbeat_node20_pid_snapshot", "data": {"node_id": "node20 ", "pid": 28568, "group_id": "cluster_3"}, "timestamp": 1775561175625}
{"sessionId": "b5a9c7", "runId": "pre-fix-2", "hypothesisId": "H2B", "location": "web_monitor.py:message_handler", "message": "heartbeat_node20_pid_snapshot", "data": {"node_id": "node20 ", "pid": 28568, "group_id": "cluster_3"}, "timestamp": 1775561175839}
{"sessionId": "b5a9c7", "runId": "pre-fix-1", "hypothesisId": "H5", "location": "web_monitor.py:index", "message": "active_nodes_computed", "data": {"active_nodes": 20, "node_views": 20, "heartbeats_views": 20, "dead_nodes": 0, "contains_node20_in_views": true, "contains_node20_dead": false}, "timestamp": 1775561176141}
{"sessionId": "b5a9c7", "runId": "pre-fix-2", "hypothesisId": "H2B", "location": "web_monitor.py:message_handler", "message": "heartbeat_node20_pid_snapshot", "data": {"node_id": "node20 ", "pid": 28568, "group_id": "cluster_3"}, "timestamp": 1775561176166}
{"sessionId": "b5a9c7", "runId": "pre-fix-2", "hypothesisId": "H2B", "location": "web_monitor.py:message_handler", "message": "heartbeat_node20_pid_snapshot", "data": {"node_id": "node20 ", "pid": 28568, "group_id": "cluster_3"}, "timestamp": 1775561176499}
{"sessionId": "b5a9c7", "runId": "pre-fix-2", "hypothesisId": "H2B", "location": "web_monitor.py:message_handler", "message": "heartbeat_node20_pid_snapshot", "data": {"node_id": "node20 ", "pid": 28568, "group_id": "cluster_3"}, "timestamp": 1775561176812}
{"sessionId": "b5a9c7", "runId": "pre-fix-2", "hypothesisId": "H2B", "location": "web_monitor.py:message_handler", "message": "heartbeat_node20_pid_snapshot", "data": {"node_id": "node20 ", "pid": 28568, "group_id": "cluster_3"}, "timestamp": 1775561177029}
{"sessionId": "b5a9c7", "runId": "pre-fix-2", "hypothesisId": "H2B", "location": "web_monitor.py:message_handler", "message": "heartbeat_node20_pid_snapshot", "data": {"node_id": "node20 ", "pid": 28568, "group_id": "cluster_3"}, "timestamp": 1775561177250}
{"sessionId": "b5a9c7", "runId": "pre-fix-2", "hypothesisId": "H2B", "location": "web_monitor.py:message_handler", "message": "heartbeat_node20_pid_snapshot", "data": {"node_id": "node20 ", "pid": 28568, "group_id": "cluster_3"}, "timestamp": 1775561177572}
{"sessionId": "b5a9c7", "runId": "pre-fix-2", "hypothesisId": "H2B", "location": "web_monitor.py:message_handler", "message": "heartbeat_node20_pid_snapshot", "data": {"node_id": "node20 ", "pid": 28568, "group_id": "cluster_3"}, "timestamp": 1775561177788}
{"sessionId": "b5a9c7", "runId": "pre-fix-2", "hypothesisId": "H2B", "location": "web_monitor.py:message_handler", "message": "heartbeat_node20_pid_snapshot", "data": {"node_id": "node20 ", "pid": 28568, "group_id": "cluster_3"}, "timestamp": 1775561178013}
{"sessionId": "b5a9c7", "runId": "pre-fix-2", "hypothesisId": "H2B", "location": "web_monitor.py:message_handler", "message": "heartbeat_node20_pid_snapshot", "data": {"node_id": "node20 ", "pid": 28568, "group_id": "cluster_3"}, "timestamp": 1775561178328}
{"sessionId": "b5a9c7", "runId": "pre-fix-2", "hypothesisId": "H2B", "location": "web_monitor.py:message_handler", "message": "heartbeat_node20_pid_snapshot", "data": {"node_id": "node20 ", "pid": 28568, "group_id": "cluster_3"}, "timestamp": 1775561178550}
{"sessionId": "b5a9c7", "runId": "pre-fix-2", "hypothesisId": "H2B", "location": "web_monitor.py:message_handler", "message": "heartbeat_node20_pid_snapshot", "data": {"node_id": "node20 ", "pid": 28568, "group_id": "cluster_3"}, "timestamp": 1775561178762}
{"sessionId": "b5a9c7", "runId": "pre-fix-2", "hypothesisId": "H2B", "location": "web_monitor.py:message_handler", "message": "heartbeat_node20_pid_snapshot", "data": {"node_id": "node20 ", "pid": 28568, "group_id": "cluster_3"}, "timestamp": 1775561179076}
{"sessionId": "b5a9c7", "runId": "pre-fix-2", "hypothesisId": "H2B", "location": "web_monitor.py:message_handler", "message": "heartbeat_node20_pid_snapshot", "data": {"node_id": "node20 ", "pid": 28568, "group_id": "cluster_3"}, "timestamp": 1775561179308}
{"sessionId": "b5a9c7", "runId": "pre-fix-2", "hypothesisId": "H2B", "location": "web_monitor.py:message_handler", "message": "heartbeat_node20_pid_snapshot", "data": {"node_id": "node20 ", "pid": 28568, "group_id": "cluster_3"}, "timestamp": 1775561179519}
{"sessionId": "b5a9c7", "runId": "pre-fix-2", "hypothesisId": "H2B", "location": "web_monitor.py:message_handler", "message": "heartbeat_node20_pid_snapshot", "data": {"node_id": "node20 ", "pid": 28568, "group_id": "cluster_3"}, "timestamp": 1775561179731}
{"sessionId": "b5a9c7", "runId": "pre-fix-2", "hypothesisId": "H2B", "location": "web_monitor.py:message_handler", "message": "heartbeat_node20_pid_snapshot", "data": {"node_id": "node20 ", "pid": 28568, "group_id": "cluster_3"}, "timestamp": 1775561179950}
{"sessionId": "b5a9c7", "runId": "pre-fix-2", "hypothesisId": "H2B", "location": "web_monitor.py:message_handler", "message": "heartbeat_node20_pid_snapshot", "data": {"node_id": "node20 ", "pid": 28568, "group_id": "cluster_3"}, "timestamp": 1775561180160}
{"sessionId": "b5a9c7", "runId": "pre-fix-2", "hypothesisId": "H2B", "location": "web_monitor.py:message_handler", "message": "heartbeat_node20_pid_snapshot", "data": {"node_id": "node20 ", "pid": 28568, "group_id": "cluster_3"}, "timestamp": 1775561180476}
{"sessionId": "b5a9c7", "runId": "pre-fix-2", "hypothesisId": "H2B", "location": "web_monitor.py:message_handler", "message": "heartbeat_node20_pid_snapshot", "data": {"node_id": "node20 ", "pid": 28568, "group_id": "cluster_3"}, "timestamp": 1775561180791}
{"sessionId": "b5a9c7", "runId": "pre-fix-2", "hypothesisId": "H2B", "location": "web_monitor.py:message_handler", "message": "heartbeat_node20_pid_snapshot", "data": {"node_id": "node20 ", "pid": 28568, "group_id": "cluster_3"}, "timestamp": 1775561181005}
{"sessionId": "b5a9c7", "runId": "pre-fix-2", "hypothesisId": "H2B", "location": "web_monitor.py:message_handler", "message": "heartbeat_node20_pid_snapshot", "data": {"node_id": "node20 ", "pid": 28568, "group_id": "cluster_3"}, "timestamp": 1775561181216}
{"sessionId": "b5a9c7", "runId": "pre-fix-2", "hypothesisId": "H2B", "location": "web_monitor.py:message_handler", "message": "heartbeat_node20_pid_snapshot", "data": {"node_id": "node20 ", "pid": 28568, "group_id": "cluster_3"}, "timestamp": 1775561181430}
{"sessionId": "b5a9c7", "runId": "pre-fix-2", "hypothesisId": "H2B", "location": "web_monitor.py:message_handler", "message": "heartbeat_node20_pid_snapshot", "data": {"node_id": "node20 ", "pid": 28568, "group_id": "cluster_3"}, "timestamp": 1775561181646}
{"sessionId": "b5a9c7", "runId": "pre-fix-2", "hypothesisId": "H2B", "location": "web_monitor.py:message_handler", "message": "heartbeat_node20_pid_snapshot", "data": {"node_id": "node20 ", "pid": 28568, "group_id": "cluster_3"}, "timestamp": 1775561181857}
{"sessionId": "b5a9c7", "runId": "pre-fix-2", "hypothesisId": "H2B", "location": "web_monitor.py:message_handler", "message": "heartbeat_node20_pid_snapshot", "data": {"node_id": "node20 ", "pid": 28568, "group_id": "cluster_3"}, "timestamp": 1775561182172}
{"sessionId": "b5a9c7", "runId": "pre-fix-2", "hypothesisId": "H2B", "location": "web_monitor.py:message_handler", "message": "heartbeat_node20_pid_snapshot", "data": {"node_id": "node20 ", "pid": 28568, "group_id": "cluster_3"}, "timestamp": 1775561182379}
{"sessionId": "b5a9c7", "runId": "pre-fix-2", "hypothesisId": "H2B", "location": "web_monitor.py:message_handler", "message": "heartbeat_node20_pid_snapshot", "data": {"node_id": "node20 ", "pid": 28568, "group_id": "cluster_3"}, "timestamp": 1775561182592}
{"sessionId": "b5a9c7", "runId": "pre-fix-2", "hypothesisId": "H2B", "location": "web_monitor.py:message_handler", "message": "heartbeat_node20_pid_snapshot", "data": {"node_id": "node20 ", "pid": 28568, "group_id": "cluster_3"}, "timestamp": 1775561182808}
{"sessionId": "b5a9c7", "runId": "pre-fix-2", "hypothesisId": "H2B", "location": "web_monitor.py:message_handler", "message": "heartbeat_node20_pid_snapshot", "data": {"node_id": "node20 ", "pid": 28568, "group_id": "cluster_3"}, "timestamp": 1775561183022}
{"sessionId": "b5a9c7", "runId": "pre-fix-2", "hypothesisId": "H2B", "location": "web_monitor.py:message_handler", "message": "heartbeat_node20_pid_snapshot", "data": {"node_id": "node20 ", "pid": 28568, "group_id": "cluster_3"}, "timestamp": 1775561183237}
{"sessionId": "b5a9c7", "runId": "pre-fix-2", "hypothesisId": "H2B", "location": "web_monitor.py:message_handler", "message": "heartbeat_node20_pid_snapshot", "data": {"node_id": "node20 ", "pid": 28568, "group_id": "cluster_3"}, "timestamp": 1775561183448}
{"sessionId": "b5a9c7", "runId": "pre-fix-2", "hypothesisId": "H2B", "location": "web_monitor.py:message_handler", "message": "heartbeat_node20_pid_snapshot", "data": {"node_id": "node20 ", "pid": 28568, "group_id": "cluster_3"}, "timestamp": 1775561183661}
{"sessionId": "b5a9c7", "runId": "pre-fix-2", "hypothesisId": "H2B", "location": "web_monitor.py:message_handler", "message": "heartbeat_node20_pid_snapshot", "data": {"node_id": "node20 ", "pid": 28568, "group_id": "cluster_3"}, "timestamp": 1775561184001}
{"sessionId": "b5a9c7", "runId": "pre-fix-2", "hypothesisId": "H2B", "location": "web_monitor.py:message_handler", "message": "heartbeat_node20_pid_snapshot", "data": {"node_id": "node20 ", "pid": 28568, "group_id": "cluster_3"}, "timestamp": 1775561184254}
{"sessionId": "b5a9c7", "runId": "pre-fix-2", "hypothesisId": "H2B", "location": "web_monitor.py:message_handler", "message": "heartbeat_node20_pid_snapshot", "data": {"node_id": "node20 ", "pid": 28568, "group_id": "cluster_3"}, "timestamp": 1775561184681}
{"sessionId": "b5a9c7", "runId": "pre-fix-2", "hypothesisId": "H2B", "location": "web_monitor.py:message_handler", "message": "heartbeat_node20_pid_snapshot", "data": {"node_id": "node20 ", "pid": 28568, "group_id": "cluster_3"}, "timestamp": 1775561184893}
{"sessionId": "b5a9c7", "runId": "pre-fix-2", "hypothesisId": "H2B", "location": "web_monitor.py:message_handler", "message": "heartbeat_node20_pid_snapshot", "data": {"node_id": "node20 ", "pid": 28568, "group_id": "cluster_3"}, "timestamp": 1775561185106}
{"sessionId": "b5a9c7", "runId": "pre-fix-2", "hypothesisId": "H2B", "location": "web_monitor.py:message_handler", "message": "heartbeat_node20_pid_snapshot", "data": {"node_id": "node20 ", "pid": 28568, "group_id": "cluster_3"}, "timestamp": 1775561185314}
{"sessionId": "b5a9c7", "runId": "pre-fix-1", "hypothesisId": "H1", "location": "web_monitor.py:build_simulation_payload", "message": "sensor_offline_selected", "data": {"selected_target": "node20", "selection_mode": "node20", "alive_contains_node20": true, "dead_contains_node20": false}, "timestamp": 1775561185509}
{"sessionId": "b5a9c7", "runId": "pre-fix-2", "hypothesisId": "H2B", "location": "web_monitor.py:message_handler", "message": "heartbeat_node20_pid_snapshot", "data": {"node_id": "node20 ", "pid": 28568, "group_id": "cluster_3"}, "timestamp": 1775561185643}
{"sessionId": "b5a9c7", "runId": "pre-fix-1", "hypothesisId": "H2", "location": "web_monitor.py:_force_kill_node_process", "message": "taskkill_result", "data": {"node_id": "node20", "pid": 28568, "returncode": 0, "stdout": "SUCCESS: The process with PID 28568 has been terminated.", "stderr": ""}, "timestamp": 1775561185855}
{"sessionId": "b5a9c7", "runId": "pre-fix-2", "hypothesisId": "H2B", "location": "web_monitor.py:message_handler", "message": "heartbeat_node20_pid_snapshot", "data": {"node_id": "node20 ", "pid": 28568, "group_id": "cluster_3"}, "timestamp": 1775561185856}
{"sessionId": "b5a9c7", "runId": "pre-fix-1", "hypothesisId": "H3", "location": "web_monitor.py:simulate_event", "message": "sensor_offline_dispatch", "data": {"target_node": "node20", "selection_mode": "node20", "selection_reason": "preferred_node20_alive", "forced_kill": true, "before_counts": {"swarm_state": 20, "heartbeats": 20, "dead_nodes": 0}, "after_counts": {"swarm_state": 20, "heartbeats": 19, "dead_nodes": 1}}, "timestamp": 1775561185858}
{"sessionId": "b5a9c7", "runId": "pre-fix-1", "hypothesisId": "H5", "location": "web_monitor.py:index", "message": "active_nodes_computed", "data": {"active_nodes": 19, "node_views": 19, "heartbeats_views": 19, "dead_nodes": 1, "contains_node20_in_views": false, "contains_node20_dead": true}, "timestamp": 1775561186188}
{"sessionId": "b5a9c7", "runId": "pre-fix-1", "hypothesisId": "H5", "location": "web_monitor.py:index", "message": "active_nodes_computed", "data": {"active_nodes": 19, "node_views": 19, "heartbeats_views": 19, "dead_nodes": 1, "contains_node20_in_views": false, "contains_node20_dead": true}, "timestamp": 1775561209930}
{"sessionId": "b5a9c7", "runId": "pre-fix-1", "hypothesisId": "H1", "location": "web_monitor.py:build_simulation_payload", "message": "sensor_offline_selected", "data": {"selected_target": "node19", "selection_mode": "fallback_leader", "selection_reason": "node20_unavailable", "alive_contains_node20": false, "dead_contains_node20": true}, "timestamp": 1775561214042}
{"sessionId": "b5a9c7", "runId": "pre-fix-1", "hypothesisId": "H2", "location": "web_monitor.py:_force_kill_node_process", "message": "taskkill_result", "data": {"node_id": "node19", "pid": 12772, "returncode": 0, "stdout": "SUCCESS: The process with PID 12772 has been terminated.", "stderr": ""}, "timestamp": 1775561214155}
{"sessionId": "b5a9c7", "runId": "pre-fix-1", "hypothesisId": "H3", "location": "web_monitor.py:simulate_event", "message": "sensor_offline_dispatch", "data": {"target_node": "node19", "selection_mode": "fallback_leader", "selection_reason": "node20_unavailable", "forced_kill": true, "before_counts": {"swarm_state": 19, "heartbeats": 19, "dead_nodes": 1}, "after_counts": {"swarm_state": 19, "heartbeats": 18, "dead_nodes": 2}}, "timestamp": 1775561214157}
{"sessionId": "b5a9c7", "runId": "pre-fix-1", "hypothesisId": "H5", "location": "web_monitor.py:index", "message": "active_nodes_computed", "data": {"active_nodes": 18, "node_views": 18, "heartbeats_views": 18, "dead_nodes": 2, "contains_node20_in_views": false, "contains_node20_dead": true}, "timestamp": 1775561214301}
{"sessionId": "b5a9c7", "runId": "pre-fix-1", "hypothesisId": "H5", "location": "web_monitor.py:index", "message": "active_nodes_computed", "data": {"active_nodes": 18, "node_views": 18, "heartbeats_views": 18, "dead_nodes": 2, "contains_node20_in_views": false, "contains_node20_dead": true}, "timestamp": 1775561241219}
{"sessionId": "b5a9c7", "runId": "pre-fix-1", "hypothesisId": "H5", "location": "web_monitor.py:index", "message": "active_nodes_computed", "data": {"active_nodes": 18, "node_views": 18, "heartbeats_views": 18, "dead_nodes": 2, "contains_node20_in_views": false, "contains_node20_dead": true}, "timestamp": 1775561245600}
